[2025-12-22 16:42:39] [INFO] [200.229.247.50] Tentativa de login
Dados: Array
(
    [email] => financeiro@inlaudo.com.br
)

URL: /erp/login.php
--------------------------------------------------------------------------------
[2025-12-22 16:42:39] [INFO] [200.229.247.50] Usuário encontrado no banco
Dados: Array
(
    [id] => 1
    [nome] => Administrador Master
    [email] => financeiro@inlaudo.com.br
    [hash_banco] => $2y$10$YourHashWillBeGeneratedHere
)

URL: /erp/login.php
--------------------------------------------------------------------------------
[2025-12-22 16:42:39] [INFO] [200.229.247.50] Login falhou - senha incorreta
Dados: Array
(
    [email] => financeiro@inlaudo.com.br
    [hash_banco] => $2y$10$YourHashWillBeGeneratedHere
    [senha_digitada] => Admin259087@
)

URL: /erp/login.php
--------------------------------------------------------------------------------
[2025-12-22 16:42:53] [INFO] [200.229.247.50] Tentativa de login
Dados: Array
(
    [email] => financeiro@inlaudo.com.br
)

URL: /erp/login.php
--------------------------------------------------------------------------------
[2025-12-22 16:42:53] [INFO] [200.229.247.50] Usuário encontrado no banco
Dados: Array
(
    [id] => 1
    [nome] => Administrador Master
    [email] => financeiro@inlaudo.com.br
    [hash_banco] => $2y$10$YourHashWillBeGeneratedHere
)

URL: /erp/login.php
--------------------------------------------------------------------------------
[2025-12-22 16:42:54] [INFO] [200.229.247.50] Login falhou - senha incorreta
Dados: Array
(
    [email] => financeiro@inlaudo.com.br
    [hash_banco] => $2y$10$YourHashWillBeGeneratedHere
    [senha_digitada] => Admin259087@
)

URL: /erp/login.php
--------------------------------------------------------------------------------
[2025-12-22 16:43:10] [INFO] [200.229.247.50] Tentativa de login
Dados: Array
(
    [email] => financeiro@inlaudo.com.br
)

URL: /erp/login.php
--------------------------------------------------------------------------------
[2025-12-22 16:43:10] [INFO] [200.229.247.50] Usuário encontrado no banco
Dados: Array
(
    [id] => 1
    [nome] => Administrador Master
    [email] => financeiro@inlaudo.com.br
    [hash_banco] => $2y$10$YourHashWillBeGeneratedHere
)

URL: /erp/login.php
--------------------------------------------------------------------------------
[2025-12-22 16:43:10] [INFO] [200.229.247.50] Login falhou - senha incorreta
Dados: Array
(
    [email] => financeiro@inlaudo.com.br
    [hash_banco] => $2y$10$YourHashWillBeGeneratedHere
    [senha_digitada] => Admin259087@
)

URL: /erp/login.php
--------------------------------------------------------------------------------
[2025-12-22 16:43:19] [INFO] [200.229.247.50] Testando geração de hash
Dados: Array
(
    [senha] => Admin259087@
)

URL: /erp/diagnostico.php
--------------------------------------------------------------------------------
[2025-12-22 16:43:19] [INFO] [200.229.247.50] Hash gerado
Dados: Array
(
    [hash] => $2y$10$KJoL.O4XURddYW5espRm1Om26kct/e7nSnFUbiv58OHNLxa/kTw6q
    [algoritmo] => 2y
    [php_version] => 8.2.23
)

URL: /erp/diagnostico.php
--------------------------------------------------------------------------------
[2025-12-22 16:43:19] [INFO] [200.229.247.50] Verificação de hash
Dados: Array
(
    [resultado] => SUCESSO
)

URL: /erp/diagnostico.php
--------------------------------------------------------------------------------
[2025-12-22 16:43:47] [INFO] [200.229.247.50] Testando geração de hash
Dados: Array
(
    [senha] => Admin259087@
)

URL: /erp/diagnostico.php?view_log=debug_2025-12-22.log
--------------------------------------------------------------------------------
[2025-12-22 16:43:47] [INFO] [200.229.247.50] Hash gerado
Dados: Array
(
    [hash] => $2y$10$x.OfaAeFBzUCtFzg4l9sGetgU3nj2JC9EIEB5K0DCW/sytZYNDufK
    [algoritmo] => 2y
    [php_version] => 8.2.23
)

URL: /erp/diagnostico.php?view_log=debug_2025-12-22.log
--------------------------------------------------------------------------------
[2025-12-22 16:43:47] [INFO] [200.229.247.50] Verificação de hash
Dados: Array
(
    [resultado] => SUCESSO
)

URL: /erp/diagnostico.php?view_log=debug_2025-12-22.log
--------------------------------------------------------------------------------
