[2025-12-22 16:42:39] SQL QUERY
Query: SELECT * FROM usuarios WHERE email = ? AND ativo = 1
Params: Array
(
    [0] => financeiro@inlaudo.com.br
)

--------------------------------------------------------------------------------
[2025-12-22 16:42:53] SQL QUERY
Query: SELECT * FROM usuarios WHERE email = ? AND ativo = 1
Params: Array
(
    [0] => financeiro@inlaudo.com.br
)

--------------------------------------------------------------------------------
[2025-12-22 16:43:10] SQL QUERY
Query: SELECT * FROM usuarios WHERE email = ? AND ativo = 1
Params: Array
(
    [0] => financeiro@inlaudo.com.br
)

--------------------------------------------------------------------------------
